2024-11-23 22:53:50,395 - INFO - Map initialized with dimensions: 5x5
2024-11-23 22:53:50,395 - INFO - Render initialized with map of size (5, 5)
2024-11-23 22:53:50,395 - INFO - Successfully read JSON data from src/proportion.json.
2024-11-23 22:53:50,395 - INFO - Action initialized successfully.
2024-11-23 22:53:50,398 - INFO - Simulation initialized with height: 5, weight: 5
2024-11-23 22:53:50,403 - INFO - Listening for pause input.
2024-11-23 22:53:50,409 - INFO - Displayed entity types information.
2024-11-23 22:53:50,414 - INFO - Initializing 2 Grass(s) on the map.
2024-11-23 22:53:50,414 - INFO - Point created at coordinates: (1, 4)
2024-11-23 22:53:50,416 - WARNING - No object found at X: 1 Y: 4.
2024-11-23 22:53:50,520 - INFO - Added object at X: 1 Y: 4: <enity.Grass object at 0x000001DFA7A80770>
2024-11-23 22:53:50,522 - INFO - Added Grass at X: 1 Y: 4.
2024-11-23 22:53:50,523 - INFO - Point created at coordinates: (3, 1)
2024-11-23 22:53:50,523 - WARNING - No object found at X: 3 Y: 1.
2024-11-23 22:53:50,537 - INFO - Added object at X: 3 Y: 1: <enity.Grass object at 0x000001DFA7807440>
2024-11-23 22:53:50,537 - INFO - Added Grass at X: 3 Y: 1.
2024-11-23 22:53:50,537 - INFO - Initializing 2 Rock(s) on the map.
2024-11-23 22:53:50,537 - INFO - Point created at coordinates: (1, 0)
2024-11-23 22:53:50,537 - WARNING - No object found at X: 1 Y: 0.
2024-11-23 22:53:50,550 - INFO - Added object at X: 1 Y: 0: <enity.Rock object at 0x000001DFA7A807D0>
2024-11-23 22:53:50,550 - INFO - Added Rock at X: 1 Y: 0.
2024-11-23 22:53:50,550 - INFO - Point created at coordinates: (3, 2)
2024-11-23 22:53:50,552 - WARNING - No object found at X: 3 Y: 2.
2024-11-23 22:53:50,563 - INFO - Added object at X: 3 Y: 2: <enity.Rock object at 0x000001DFA7A80800>
2024-11-23 22:53:50,563 - INFO - Added Rock at X: 3 Y: 2.
2024-11-23 22:53:50,563 - INFO - Initializing 2 Tree(s) on the map.
2024-11-23 22:53:50,563 - INFO - Point created at coordinates: (0, 4)
2024-11-23 22:53:50,563 - WARNING - No object found at X: 0 Y: 4.
2024-11-23 22:53:50,572 - INFO - Added object at X: 0 Y: 4: <enity.Tree object at 0x000001DFA7A808C0>
2024-11-23 22:53:50,578 - INFO - Added Tree at X: 0 Y: 4.
2024-11-23 22:53:50,578 - INFO - Point created at coordinates: (4, 4)
2024-11-23 22:53:50,579 - WARNING - No object found at X: 4 Y: 4.
2024-11-23 22:53:50,587 - INFO - Added object at X: 4 Y: 4: <enity.Tree object at 0x000001DFA7A81C70>
2024-11-23 22:53:50,589 - INFO - Added Tree at X: 4 Y: 4.
2024-11-23 22:53:50,589 - INFO - Initializing 5 Herbivore(s) on the map.
2024-11-23 22:53:50,589 - INFO - Point created at coordinates: (2, 3)
2024-11-23 22:53:50,589 - WARNING - No object found at X: 2 Y: 3.
2024-11-23 22:53:50,602 - INFO - Herbivore created at X: 2 Y: 3 with speed                      1 and health 5.
2024-11-23 22:53:50,606 - INFO - Added object at X: 2 Y: 3: <creature.Herbivore object at 0x000001DFA7A809E0>
2024-11-23 22:53:50,606 - INFO - Added Herbivore at X: 2 Y: 3.
2024-11-23 22:53:50,606 - INFO - Point created at coordinates: (0, 2)
2024-11-23 22:53:50,606 - WARNING - No object found at X: 0 Y: 2.
2024-11-23 22:53:50,619 - INFO - Herbivore created at X: 0 Y: 2 with speed                      1 and health 5.
2024-11-23 22:53:50,621 - INFO - Added object at X: 0 Y: 2: <creature.Herbivore object at 0x000001DFA7A81E80>
2024-11-23 22:53:50,621 - INFO - Added Herbivore at X: 0 Y: 2.
2024-11-23 22:53:50,621 - INFO - Point created at coordinates: (4, 0)
2024-11-23 22:53:50,621 - WARNING - No object found at X: 4 Y: 0.
2024-11-23 22:53:50,636 - INFO - Herbivore created at X: 4 Y: 0 with speed                      1 and health 5.
2024-11-23 22:53:50,638 - INFO - Added object at X: 4 Y: 0: <creature.Herbivore object at 0x000001DFA7ADF710>
2024-11-23 22:53:50,638 - INFO - Added Herbivore at X: 4 Y: 0.
2024-11-23 22:53:50,640 - INFO - Point created at coordinates: (0, 0)
2024-11-23 22:53:50,640 - WARNING - No object found at X: 0 Y: 0.
2024-11-23 22:53:50,654 - INFO - Herbivore created at X: 0 Y: 0 with speed                      1 and health 5.
2024-11-23 22:53:50,656 - INFO - Added object at X: 0 Y: 0: <creature.Herbivore object at 0x000001DFA7ADF6B0>
2024-11-23 22:53:50,656 - INFO - Added Herbivore at X: 0 Y: 0.
2024-11-23 22:53:50,658 - INFO - Point created at coordinates: (2, 2)
2024-11-23 22:53:50,658 - WARNING - No object found at X: 2 Y: 2.
2024-11-23 22:53:50,669 - INFO - Herbivore created at X: 2 Y: 2 with speed                      1 and health 5.
2024-11-23 22:53:50,669 - INFO - Added object at X: 2 Y: 2: <creature.Herbivore object at 0x000001DFA7ADF860>
2024-11-23 22:53:50,672 - INFO - Added Herbivore at X: 2 Y: 2.
2024-11-23 22:53:50,673 - INFO - Initializing 3 Predator(s) on the map.
2024-11-23 22:53:50,673 - INFO - Point created at coordinates: (3, 3)
2024-11-23 22:53:50,673 - WARNING - No object found at X: 3 Y: 3.
2024-11-23 22:53:50,684 - INFO - Predator created at X: 3 Y: 3 with speed                      2 and health 8.
2024-11-23 22:53:50,684 - INFO - Added object at X: 3 Y: 3: <creature.Predator object at 0x000001DFA7ADF7D0>
2024-11-23 22:53:50,685 - INFO - Added Predator at X: 3 Y: 3.
2024-11-23 22:53:50,685 - INFO - Point created at coordinates: (2, 2)
2024-11-23 22:53:50,685 - INFO - Retrieved object at X: 2 Y: 2: <creature.Herbivore object at 0x000001DFA7ADF860>
2024-11-23 22:53:50,685 - INFO - Point created at coordinates: (0, 4)
2024-11-23 22:53:50,685 - INFO - Retrieved object at X: 0 Y: 4: <enity.Tree object at 0x000001DFA7A808C0>
2024-11-23 22:53:50,685 - INFO - Point created at coordinates: (0, 2)
2024-11-23 22:53:50,685 - INFO - Retrieved object at X: 0 Y: 2: <creature.Herbivore object at 0x000001DFA7A81E80>
2024-11-23 22:53:50,685 - INFO - Point created at coordinates: (4, 4)
2024-11-23 22:53:50,685 - INFO - Retrieved object at X: 4 Y: 4: <enity.Tree object at 0x000001DFA7A81C70>
2024-11-23 22:53:50,685 - INFO - Point created at coordinates: (2, 1)
2024-11-23 22:53:50,685 - WARNING - No object found at X: 2 Y: 1.
2024-11-23 22:53:50,699 - INFO - Predator created at X: 2 Y: 1 with speed                      2 and health 8.
2024-11-23 22:53:50,701 - INFO - Added object at X: 2 Y: 1: <creature.Predator object at 0x000001DFA7ADF950>
2024-11-23 22:53:50,702 - INFO - Added Predator at X: 2 Y: 1.
2024-11-23 22:53:50,702 - INFO - Point created at coordinates: (2, 1)
2024-11-23 22:53:50,703 - INFO - Retrieved object at X: 2 Y: 1: <creature.Predator object at 0x000001DFA7ADF950>
2024-11-23 22:53:50,703 - INFO - Point created at coordinates: (0, 0)
2024-11-23 22:53:50,703 - INFO - Retrieved object at X: 0 Y: 0: <creature.Herbivore object at 0x000001DFA7ADF6B0>
2024-11-23 22:53:50,703 - INFO - Point created at coordinates: (3, 0)
2024-11-23 22:53:50,703 - WARNING - No object found at X: 3 Y: 0.
2024-11-23 22:53:50,718 - INFO - Predator created at X: 3 Y: 0 with speed                      2 and health 8.
2024-11-23 22:53:50,719 - INFO - Added object at X: 3 Y: 0: <creature.Predator object at 0x000001DFA7ADF9B0>
2024-11-23 22:53:50,719 - INFO - Added Predator at X: 3 Y: 0.
2024-11-23 22:53:50,720 - INFO - Starting simulation loop.
2024-11-23 22:53:50,720 - INFO - Advancing to turn: 0
2024-11-23 22:53:50,722 - INFO - Point created at coordinates: (0, 0)
2024-11-23 22:53:50,722 - INFO - Retrieved object at X: 0 Y: 0: <creature.Herbivore object at 0x000001DFA7ADF6B0>
2024-11-23 22:53:50,725 - INFO - Point created at coordinates: (1, 0)
2024-11-23 22:53:50,725 - INFO - Retrieved object at X: 1 Y: 0: <enity.Rock object at 0x000001DFA7A807D0>
2024-11-23 22:53:50,725 - INFO - Point created at coordinates: (2, 0)
2024-11-23 22:53:50,725 - WARNING - No object found at X: 2 Y: 0.
2024-11-23 22:53:50,725 - INFO - Point created at coordinates: (3, 0)
2024-11-23 22:53:50,725 - INFO - Retrieved object at X: 3 Y: 0: <creature.Predator object at 0x000001DFA7ADF9B0>
2024-11-23 22:53:50,725 - INFO - Point created at coordinates: (4, 0)
2024-11-23 22:53:50,725 - INFO - Retrieved object at X: 4 Y: 0: <creature.Herbivore object at 0x000001DFA7ADF710>
2024-11-23 22:53:50,725 - INFO - Point created at coordinates: (0, 1)
2024-11-23 22:53:50,725 - WARNING - No object found at X: 0 Y: 1.
2024-11-23 22:53:50,725 - INFO - Point created at coordinates: (1, 1)
2024-11-23 22:53:50,725 - WARNING - No object found at X: 1 Y: 1.
2024-11-23 22:53:50,725 - INFO - Point created at coordinates: (2, 1)
2024-11-23 22:53:50,725 - INFO - Retrieved object at X: 2 Y: 1: <creature.Predator object at 0x000001DFA7ADF950>
2024-11-23 22:53:50,725 - INFO - Point created at coordinates: (3, 1)
2024-11-23 22:53:50,725 - INFO - Retrieved object at X: 3 Y: 1: <enity.Grass object at 0x000001DFA7807440>
2024-11-23 22:53:50,725 - INFO - Point created at coordinates: (4, 1)
2024-11-23 22:53:50,725 - WARNING - No object found at X: 4 Y: 1.
2024-11-23 22:53:50,734 - INFO - Point created at coordinates: (0, 2)
2024-11-23 22:53:50,734 - INFO - Retrieved object at X: 0 Y: 2: <creature.Herbivore object at 0x000001DFA7A81E80>
2024-11-23 22:53:50,734 - INFO - Point created at coordinates: (1, 2)
2024-11-23 22:53:50,736 - WARNING - No object found at X: 1 Y: 2.
2024-11-23 22:53:50,737 - INFO - Point created at coordinates: (2, 2)
2024-11-23 22:53:50,737 - INFO - Retrieved object at X: 2 Y: 2: <creature.Herbivore object at 0x000001DFA7ADF860>
2024-11-23 22:53:50,737 - INFO - Point created at coordinates: (3, 2)
2024-11-23 22:53:50,737 - INFO - Retrieved object at X: 3 Y: 2: <enity.Rock object at 0x000001DFA7A80800>
2024-11-23 22:53:50,737 - INFO - Point created at coordinates: (4, 2)
2024-11-23 22:53:50,737 - WARNING - No object found at X: 4 Y: 2.
2024-11-23 22:53:50,737 - INFO - Point created at coordinates: (0, 3)
2024-11-23 22:53:50,741 - WARNING - No object found at X: 0 Y: 3.
2024-11-23 22:53:50,741 - INFO - Point created at coordinates: (1, 3)
2024-11-23 22:53:50,741 - WARNING - No object found at X: 1 Y: 3.
2024-11-23 22:53:50,741 - INFO - Point created at coordinates: (2, 3)
2024-11-23 22:53:50,742 - INFO - Retrieved object at X: 2 Y: 3: <creature.Herbivore object at 0x000001DFA7A809E0>
2024-11-23 22:53:50,742 - INFO - Point created at coordinates: (3, 3)
2024-11-23 22:53:50,742 - INFO - Retrieved object at X: 3 Y: 3: <creature.Predator object at 0x000001DFA7ADF7D0>
2024-11-23 22:53:50,742 - INFO - Point created at coordinates: (4, 3)
2024-11-23 22:53:50,742 - WARNING - No object found at X: 4 Y: 3.
2024-11-23 22:53:50,742 - INFO - Point created at coordinates: (0, 4)
2024-11-23 22:53:50,742 - INFO - Retrieved object at X: 0 Y: 4: <enity.Tree object at 0x000001DFA7A808C0>
2024-11-23 22:53:50,742 - INFO - Point created at coordinates: (1, 4)
2024-11-23 22:53:50,742 - INFO - Retrieved object at X: 1 Y: 4: <enity.Grass object at 0x000001DFA7A80770>
2024-11-23 22:53:50,747 - INFO - Point created at coordinates: (2, 4)
2024-11-23 22:53:50,747 - WARNING - No object found at X: 2 Y: 4.
2024-11-23 22:53:50,747 - INFO - Point created at coordinates: (3, 4)
2024-11-23 22:53:50,747 - WARNING - No object found at X: 3 Y: 4.
2024-11-23 22:53:50,749 - INFO - Point created at coordinates: (4, 4)
2024-11-23 22:53:50,749 - INFO - Retrieved object at X: 4 Y: 4: <enity.Tree object at 0x000001DFA7A81C70>
2024-11-23 22:53:50,759 - INFO - Searching path from X: 3 Y: 3 to <creature.Herbivore object at 0x000001DFA7A809E0>.
2024-11-23 23:04:14,717 - INFO - Simulation paused.
